<?xml version="1.0" encoding="UTF-8"?>
<testsuite name="com.example.baseactivity.ExampleUnitTest" tests="1" skipped="0" failures="0" errors="0" timestamp="2018-06-27T07:43:08" hostname="PC-188" time="0.0">
  <properties/>
  <testcase name="addition_isCorrect" classname="com.example.baseactivity.ExampleUnitTest" time="0.0"/>
  <system-out><![CDATA[]]></system-out>
  <system-err><![CDATA[]]></system-err>
</testsuite>
